<?xml version="1.0" encoding="UTF-8"?>
<!-- Generated by org.testng.reporters.JUnitXMLReporter -->
<testsuite ignored="0" hostname="LAPTOP-FB3E7NT5" failures="2" tests="5" name="Test One" time="0.105" errors="0" timestamp="2022-06-23T15:54:58 IST">
  <testcase classname="functionalTests.ListenerTestClass" name="testP" time="0.012"/>
  <testcase classname="functionalTests.ListenerTestClass" name="testQ" time="0.001"/>
  <testcase classname="functionalTests.ListenerTestClass" name="testR" time="0.009">
    <failure type="java.lang.AssertionError" message="expected [true] but found [false]">
      <![CDATA[java.lang.AssertionError: expected [true] but found [false]
at functionalTests.ListenerTestClass.testR(ListenerTestClass.java:21)
at java.base/java.util.ArrayList.forEach(ArrayList.java:1541)
... Removed 35 stack frames]]>
    </failure>
  </testcase> <!-- testR -->
  <testcase classname="functionalTests.ListenerTestClass" name="testS" time="0.005"/>
  <testcase classname="functionalTests.ListenerTestClass" name="testT" time="0.002">
    <failure type="java.lang.AssertionError" message="expected [true] but found [false]">
      <![CDATA[java.lang.AssertionError: expected [true] but found [false]
at functionalTests.ListenerTestClass.testT(ListenerTestClass.java:32)
at java.base/java.util.ArrayList.forEach(ArrayList.java:1541)
... Removed 35 stack frames]]>
    </failure>
  </testcase> <!-- testT -->
</testsuite> <!-- Test One -->
